#
# There is insufficient memory for the Java Runtime Environment to continue.
# Native memory allocation (mmap) failed to map 1073741824 bytes for committing reserved memory.
# Possible reasons:
#   The system is out of physical RAM or swap space
#   In 32 bit mode, the process size limit was hit
# Possible solutions:
#   Reduce memory load on the system
#   Increase physical memory or swap space
#   Check if swap backing store is full
#   Use 64 bit Java on a 64 bit OS
#   Decrease Java heap size (-Xmx/-Xms)
#   Decrease number of Java threads
#   Decrease Java thread stack sizes (-Xss)
#   Set larger code cache with -XX:ReservedCodeCacheSize=
# This output file may be truncated or incomplete.
#
#  Out of Memory Error (os_linux.cpp:2643), pid=6199, tid=0x00007f23ccd66700
#
# JRE version:  (8.0_151-b12) (build )
# Java VM: OpenJDK 64-Bit Server VM (25.151-b12 mixed mode linux-amd64 compressed oops)
# Failed to write core dump. Core dumps have been disabled. To enable core dumping, try "ulimit -c unlimited" before starting Java again
#

---------------  T H R E A D  ---------------

Current thread (0x00007f23c400e000):  JavaThread "Unknown thread" [_thread_in_vm, id=6437, stack(0x00007f23ccc66000,0x00007f23ccd67000)]

Stack: [0x00007f23ccc66000,0x00007f23ccd67000],  sp=0x00007f23ccd65460,  free space=1021k
Native frames: (J=compiled Java code, j=interpreted, Vv=VM code, C=native code)
V  [libjvm.so+0xa684eb]
V  [libjvm.so+0x4c579c]
V  [libjvm.so+0x8b6c6f]
V  [libjvm.so+0x8b12fc]
V  [libjvm.so+0x593eec]
V  [libjvm.so+0x5940ac]
V  [libjvm.so+0x596de5]
V  [libjvm.so+0x5fae86]
V  [libjvm.so+0x5fbe0d]
V  [libjvm.so+0x5fc2aa]
V  [libjvm.so+0x56f2ba]
V  [libjvm.so+0x5780c5]
V  [libjvm.so+0xa2bac9]
V  [libjvm.so+0xa2bd12]
V  [libjvm.so+0x60f73f]
V  [libjvm.so+0xa1107a]
V  [libjvm.so+0x6898b2]  JNI_CreateJavaVM+0x62
C  [libjli.so+0x2f2e]
C  [libjli.so+0x73dd]
C  [libpthread.so.0+0x76ba]  start_thread+0xca


---------------  P R O C E S S  ---------------

Java Threads: ( => current thread )

Other Threads:

=>0x00007f23c400e000 (exited) JavaThread "Unknown thread" [_thread_in_vm, id=6437, stack(0x00007f23ccc66000,0x00007f23ccd67000)]

VM state:not at safepoint (not fully initialized)

VM Mutex/Monitor currently owned by a thread:  ([mutex/lock_event])
[0x00007f23c400ad50] Heap_lock - owner thread: 0x00007f23c400e000

GC Heap History (0 events):
No events

Deoptimization events (0 events):
No events

Internal exceptions (0 events):
No events

Events (0 events):
No events


Dynamic libraries:
00400000-00401000 r-xp 00000000 ca:01 256642                             /usr/lib/jvm/java-8-openjdk-amd64/jre/bin/java
00600000-00601000 r--p 00000000 ca:01 256642                             /usr/lib/jvm/java-8-openjdk-amd64/jre/bin/java
00601000-00602000 rw-p 00001000 ca:01 256642                             /usr/lib/jvm/java-8-openjdk-amd64/jre/bin/java
01ab3000-01ad4000 rw-p 00000000 00:00 0                                  [heap]
7f239c000000-7f239c021000 rw-p 00000000 00:00 0 
7f239c021000-7f23a0000000 ---p 00000000 00:00 0 
7f23a0000000-7f23a0021000 rw-p 00000000 00:00 0 
7f23a0021000-7f23a4000000 ---p 00000000 00:00 0 
7f23a4000000-7f23a4021000 rw-p 00000000 00:00 0 
7f23a4021000-7f23a8000000 ---p 00000000 00:00 0 
7f23a8000000-7f23a8021000 rw-p 00000000 00:00 0 
7f23a8021000-7f23ac000000 ---p 00000000 00:00 0 
7f23ad000000-7f23af000000 rw-p 00000000 00:00 0 
7f23af000000-7f23b0000000 ---p 00000000 00:00 0 
7f23b0000000-7f23b0021000 rw-p 00000000 00:00 0 
7f23b0021000-7f23b5000000 ---p 00000000 00:00 0 
7f23b5000000-7f23b5270000 rwxp 00000000 00:00 0 
7f23b5270000-7f23c4000000 ---p 00000000 00:00 0 
7f23c4000000-7f23c4056000 rw-p 00000000 00:00 0 
7f23c4056000-7f23c8000000 ---p 00000000 00:00 0 
7f23c8403000-7f23c8504000 rw-p 00000000 00:00 0 
7f23c8504000-7f23c8505000 ---p 00000000 00:00 0 
7f23c8505000-7f23c8605000 rw-p 00000000 00:00 0 
7f23c8605000-7f23c8606000 ---p 00000000 00:00 0 
7f23c8606000-7f23c8706000 rw-p 00000000 00:00 0 
7f23c8706000-7f23c8f06000 ---p 00000000 00:00 0 
7f23c8f06000-7f23c8f07000 ---p 00000000 00:00 0 
7f23c8f07000-7f23c9007000 rw-p 00000000 00:00 0 
7f23c9007000-7f23c9008000 ---p 00000000 00:00 0 
7f23c9008000-7f23c9209000 rw-p 00000000 00:00 0 
7f23c9209000-7f23c920a000 ---p 00000000 00:00 0 
7f23c920a000-7f23c9314000 rw-p 00000000 00:00 0 
7f23c9314000-7f23c96ca000 ---p 00000000 00:00 0 
7f23c96ca000-7f23c96d2000 r-xp 00000000 ca:01 256610                     /usr/lib/jvm/java-8-openjdk-amd64/jre/lib/amd64/libzip.so
7f23c96d2000-7f23c98d1000 ---p 00008000 ca:01 256610                     /usr/lib/jvm/java-8-openjdk-amd64/jre/lib/amd64/libzip.so
7f23c98d1000-7f23c98d2000 r--p 00007000 ca:01 256610                     /usr/lib/jvm/java-8-openjdk-amd64/jre/lib/amd64/libzip.so
7f23c98d2000-7f23c98d3000 rw-p 00008000 ca:01 256610                     /usr/lib/jvm/java-8-openjdk-amd64/jre/lib/amd64/libzip.so
7f23c98d3000-7f23c98de000 r-xp 00000000 ca:01 1991                       /lib/x86_64-linux-gnu/libnss_files-2.23.so
7f23c98de000-7f23c9add000 ---p 0000b000 ca:01 1991                       /lib/x86_64-linux-gnu/libnss_files-2.23.so
7f23c9add000-7f23c9ade000 r--p 0000a000 ca:01 1991                       /lib/x86_64-linux-gnu/libnss_files-2.23.so
7f23c9ade000-7f23c9adf000 rw-p 0000b000 ca:01 1991                       /lib/x86_64-linux-gnu/libnss_files-2.23.so
7f23c9adf000-7f23c9ae5000 rw-p 00000000 00:00 0 
7f23c9ae5000-7f23c9af0000 r-xp 00000000 ca:01 1995                       /lib/x86_64-linux-gnu/libnss_nis-2.23.so
7f23c9af0000-7f23c9cef000 ---p 0000b000 ca:01 1995                       /lib/x86_64-linux-gnu/libnss_nis-2.23.so
7f23c9cef000-7f23c9cf0000 r--p 0000a000 ca:01 1995                       /lib/x86_64-linux-gnu/libnss_nis-2.23.so
7f23c9cf0000-7f23c9cf1000 rw-p 0000b000 ca:01 1995                       /lib/x86_64-linux-gnu/libnss_nis-2.23.so
7f23c9cf1000-7f23c9d07000 r-xp 00000000 ca:01 1968                       /lib/x86_64-linux-gnu/libnsl-2.23.so
7f23c9d07000-7f23c9f06000 ---p 00016000 ca:01 1968                       /lib/x86_64-linux-gnu/libnsl-2.23.so
7f23c9f06000-7f23c9f07000 r--p 00015000 ca:01 1968                       /lib/x86_64-linux-gnu/libnsl-2.23.so
7f23c9f07000-7f23c9f08000 rw-p 00016000 ca:01 1968                       /lib/x86_64-linux-gnu/libnsl-2.23.so
7f23c9f08000-7f23c9f0a000 rw-p 00000000 00:00 0 
7f23c9f0a000-7f23c9f12000 r-xp 00000000 ca:01 1983                       /lib/x86_64-linux-gnu/libnss_compat-2.23.so
7f23c9f12000-7f23ca111000 ---p 00008000 ca:01 1983                       /lib/x86_64-linux-gnu/libnss_compat-2.23.so
7f23ca111000-7f23ca112000 r--p 00007000 ca:01 1983                       /lib/x86_64-linux-gnu/libnss_compat-2.23.so
7f23ca112000-7f23ca113000 rw-p 00008000 ca:01 1983                       /lib/x86_64-linux-gnu/libnss_compat-2.23.so
7f23ca113000-7f23ca140000 r-xp 00000000 ca:01 256591                     /usr/lib/jvm/java-8-openjdk-amd64/jre/lib/amd64/libjava.so
7f23ca140000-7f23ca33f000 ---p 0002d000 ca:01 256591                     /usr/lib/jvm/java-8-openjdk-amd64/jre/lib/amd64/libjava.so
7f23ca33f000-7f23ca340000 r--p 0002c000 ca:01 256591                     /usr/lib/jvm/java-8-openjdk-amd64/jre/lib/amd64/libjava.so
7f23ca340000-7f23ca342000 rw-p 0002d000 ca:01 256591                     /usr/lib/jvm/java-8-openjdk-amd64/jre/lib/amd64/libjava.so
7f23ca342000-7f23ca351000 r-xp 00000000 ca:01 256608                     /usr/lib/jvm/java-8-openjdk-amd64/jre/lib/amd64/libverify.so
7f23ca351000-7f23ca550000 ---p 0000f000 ca:01 256608                     /usr/lib/jvm/java-8-openjdk-amd64/jre/lib/amd64/libverify.so
7f23ca550000-7f23ca552000 r--p 0000e000 ca:01 256608                     /usr/lib/jvm/java-8-openjdk-amd64/jre/lib/amd64/libverify.so
7f23ca552000-7f23ca553000 rw-p 00010000 ca:01 256608                     /usr/lib/jvm/java-8-openjdk-amd64/jre/lib/amd64/libverify.so
7f23ca553000-7f23ca55a000 r-xp 00000000 ca:01 1996                       /lib/x86_64-linux-gnu/librt-2.23.so
7f23ca55a000-7f23ca759000 ---p 00007000 ca:01 1996                       /lib/x86_64-linux-gnu/librt-2.23.so
7f23ca759000-7f23ca75a000 r--p 00006000 ca:01 1996                       /lib/x86_64-linux-gnu/librt-2.23.so
7f23ca75a000-7f23ca75b000 rw-p 00007000 ca:01 1996                       /lib/x86_64-linux-gnu/librt-2.23.so
7f23ca75b000-7f23ca771000 r-xp 00000000 ca:01 1965                       /lib/x86_64-linux-gnu/libgcc_s.so.1
7f23ca771000-7f23ca970000 ---p 00016000 ca:01 1965                       /lib/x86_64-linux-gnu/libgcc_s.so.1
7f23ca970000-7f23ca971000 rw-p 00015000 ca:01 1965                       /lib/x86_64-linux-gnu/libgcc_s.so.1
7f23ca971000-7f23caa79000 r-xp 00000000 ca:01 1967                       /lib/x86_64-linux-gnu/libm-2.23.so
7f23caa79000-7f23cac78000 ---p 00108000 ca:01 1967                       /lib/x86_64-linux-gnu/libm-2.23.so
7f23cac78000-7f23cac79000 r--p 00107000 ca:01 1967                       /lib/x86_64-linux-gnu/libm-2.23.so
7f23cac79000-7f23cac7a000 rw-p 00108000 ca:01 1967                       /lib/x86_64-linux-gnu/libm-2.23.so
7f23cac7a000-7f23cadec000 r-xp 00000000 ca:01 25759                      /usr/lib/x86_64-linux-gnu/libstdc++.so.6.0.21
7f23cadec000-7f23cafec000 ---p 00172000 ca:01 25759                      /usr/lib/x86_64-linux-gnu/libstdc++.so.6.0.21
7f23cafec000-7f23caff6000 r--p 00172000 ca:01 25759                      /usr/lib/x86_64-linux-gnu/libstdc++.so.6.0.21
7f23caff6000-7f23caff8000 rw-p 0017c000 ca:01 25759                      /usr/lib/x86_64-linux-gnu/libstdc++.so.6.0.21
7f23caff8000-7f23caffc000 rw-p 00000000 00:00 0 
7f23caffc000-7f23cbc4e000 r-xp 00000000 ca:01 256602                     /usr/lib/jvm/java-8-openjdk-amd64/jre/lib/amd64/server/libjvm.so
7f23cbc4e000-7f23cbe4e000 ---p 00c52000 ca:01 256602                     /usr/lib/jvm/java-8-openjdk-amd64/jre/lib/amd64/server/libjvm.so
7f23cbe4e000-7f23cbee1000 r--p 00c52000 ca:01 256602                     /usr/lib/jvm/java-8-openjdk-amd64/jre/lib/amd64/server/libjvm.so
7f23cbee1000-7f23cbf0a000 rw-p 00ce5000 ca:01 256602                     /usr/lib/jvm/java-8-openjdk-amd64/jre/lib/amd64/server/libjvm.so
7f23cbf0a000-7f23cbf3a000 rw-p 00000000 00:00 0 
7f23cbf3a000-7f23cbf52000 r-xp 00000000 ca:01 1970                       /lib/x86_64-linux-gnu/libpthread-2.23.so
7f23cbf52000-7f23cc151000 ---p 00018000 ca:01 1970                       /lib/x86_64-linux-gnu/libpthread-2.23.so
7f23cc151000-7f23cc152000 r--p 00017000 ca:01 1970                       /lib/x86_64-linux-gnu/libpthread-2.23.so
7f23cc152000-7f23cc153000 rw-p 00018000 ca:01 1970                       /lib/x86_64-linux-gnu/libpthread-2.23.so
7f23cc153000-7f23cc157000 rw-p 00000000 00:00 0 
7f23cc157000-7f23cc15a000 r-xp 00000000 ca:01 1973                       /lib/x86_64-linux-gnu/libdl-2.23.so
7f23cc15a000-7f23cc359000 ---p 00003000 ca:01 1973                       /lib/x86_64-linux-gnu/libdl-2.23.so
7f23cc359000-7f23cc35a000 r--p 00002000 ca:01 1973                       /lib/x86_64-linux-gnu/libdl-2.23.so
7f23cc35a000-7f23cc35b000 rw-p 00003000 ca:01 1973                       /lib/x86_64-linux-gnu/libdl-2.23.so
7f23cc35b000-7f23cc374000 r-xp 00000000 ca:01 2120                       /lib/x86_64-linux-gnu/libz.so.1.2.8
7f23cc374000-7f23cc573000 ---p 00019000 ca:01 2120                       /lib/x86_64-linux-gnu/libz.so.1.2.8
7f23cc573000-7f23cc574000 r--p 00018000 ca:01 2120                       /lib/x86_64-linux-gnu/libz.so.1.2.8
7f23cc574000-7f23cc575000 rw-p 00019000 ca:01 2120                       /lib/x86_64-linux-gnu/libz.so.1.2.8
7f23cc575000-7f23cc735000 r-xp 00000000 ca:01 1971                       /lib/x86_64-linux-gnu/libc-2.23.so
7f23cc735000-7f23cc935000 ---p 001c0000 ca:01 1971                       /lib/x86_64-linux-gnu/libc-2.23.so
7f23cc935000-7f23cc939000 r--p 001c0000 ca:01 1971                       /lib/x86_64-linux-gnu/libc-2.23.so
7f23cc939000-7f23cc93b000 rw-p 001c4000 ca:01 1971                       /lib/x86_64-linux-gnu/libc-2.23.so
7f23cc93b000-7f23cc93f000 rw-p 00000000 00:00 0 
7f23cc93f000-7f23cc94c000 r-xp 00000000 ca:01 256606                     /usr/lib/jvm/java-8-openjdk-amd64/jre/lib/amd64/jli/libjli.so
7f23cc94c000-7f23ccb4c000 ---p 0000d000 ca:01 256606                     /usr/lib/jvm/java-8-openjdk-amd64/jre/lib/amd64/jli/libjli.so
7f23ccb4c000-7f23ccb4d000 r--p 0000d000 ca:01 256606                     /usr/lib/jvm/java-8-openjdk-amd64/jre/lib/amd64/jli/libjli.so
7f23ccb4d000-7f23ccb4e000 rw-p 0000e000 ca:01 256606                     /usr/lib/jvm/java-8-openjdk-amd64/jre/lib/amd64/jli/libjli.so
7f23ccb4e000-7f23ccb74000 r-xp 00000000 ca:01 1969                       /lib/x86_64-linux-gnu/ld-2.23.so
7f23ccbdc000-7f23ccc5e000 rw-p 00000000 00:00 0 
7f23ccc5e000-7f23ccc66000 rw-s 00000000 ca:01 258106                     /tmp/hsperfdata_ubuntu/6199
7f23ccc66000-7f23ccc69000 ---p 00000000 00:00 0 
7f23ccc69000-7f23ccd6b000 rw-p 00000000 00:00 0 
7f23ccd70000-7f23ccd71000 rw-p 00000000 00:00 0 
7f23ccd71000-7f23ccd72000 r--p 00000000 00:00 0 
7f23ccd72000-7f23ccd73000 rw-p 00000000 00:00 0 
7f23ccd73000-7f23ccd74000 r--p 00025000 ca:01 1969                       /lib/x86_64-linux-gnu/ld-2.23.so
7f23ccd74000-7f23ccd75000 rw-p 00026000 ca:01 1969                       /lib/x86_64-linux-gnu/ld-2.23.so
7f23ccd75000-7f23ccd76000 rw-p 00000000 00:00 0 
7ffc640f1000-7ffc64113000 rw-p 00000000 00:00 0                          [stack]
7ffc64191000-7ffc64194000 r--p 00000000 00:00 0                          [vvar]
7ffc64194000-7ffc64196000 r-xp 00000000 00:00 0                          [vdso]
ffffffffff600000-ffffffffff601000 r-xp 00000000 00:00 0                  [vsyscall]

VM Arguments:
jvm_args: -Xmx1G -Xms1G -XX:+UseG1GC -XX:MaxGCPauseMillis=20 -XX:InitiatingHeapOccupancyPercent=35 -XX:+ExplicitGCInvokesConcurrent -Djava.awt.headless=true -Xloggc:/home/ubuntu/kafka_2.11-1.0.1/bin/../logs/kafkaServer-gc.log -verbose:gc -XX:+PrintGCDetails -XX:+PrintGCDateStamps -XX:+PrintGCTimeStamps -XX:+UseGCLogFileRotation -XX:NumberOfGCLogFiles=10 -XX:GCLogFileSize=100M -Dcom.sun.management.jmxremote -Dcom.sun.management.jmxremote.authenticate=false -Dcom.sun.management.jmxremote.ssl=false -Dkafka.logs.dir=/home/ubuntu/kafka_2.11-1.0.1/bin/../logs -Dlog4j.configuration=file:bin/../config/log4j.properties 
java_command: kafka.Kafka config/server.properties
java_class_path (initial): :/home/ubuntu/kafka_2.11-1.0.1/bin/../libs/aopalliance-repackaged-2.5.0-b32.jar:/home/ubuntu/kafka_2.11-1.0.1/bin/../libs/argparse4j-0.7.0.jar:/home/ubuntu/kafka_2.11-1.0.1/bin/../libs/commons-lang3-3.5.jar:/home/ubuntu/kafka_2.11-1.0.1/bin/../libs/connect-api-1.0.1.jar:/home/ubuntu/kafka_2.11-1.0.1/bin/../libs/connect-file-1.0.1.jar:/home/ubuntu/kafka_2.11-1.0.1/bin/../libs/connect-json-1.0.1.jar:/home/ubuntu/kafka_2.11-1.0.1/bin/../libs/connect-runtime-1.0.1.jar:/home/ubuntu/kafka_2.11-1.0.1/bin/../libs/connect-transforms-1.0.1.jar:/home/ubuntu/kafka_2.11-1.0.1/bin/../libs/guava-20.0.jar:/home/ubuntu/kafka_2.11-1.0.1/bin/../libs/hk2-api-2.5.0-b32.jar:/home/ubuntu/kafka_2.11-1.0.1/bin/../libs/hk2-locator-2.5.0-b32.jar:/home/ubuntu/kafka_2.11-1.0.1/bin/../libs/hk2-utils-2.5.0-b32.jar:/home/ubuntu/kafka_2.11-1.0.1/bin/../libs/jackson-annotations-2.9.1.jar:/home/ubuntu/kafka_2.11-1.0.1/bin/../libs/jackson-core-2.9.1.jar:/home/ubuntu/kafka_2.11-1.0.1/bin/../libs/jackson-databind-2.9.1.jar:/home/ubuntu/kafka_2.11-1.0.1/bin/../libs/jackson-jaxrs-base-2.9.1.jar:/home/ubuntu/kafka_2.11-1.0.1/bin/../libs/jackson-jaxrs-json-provider-2.9.1.jar:/home/ubuntu/kafka_2.11-1.0.1/bin/../libs/jackson-module-jaxb-annotations-2.9.1.jar:/home/ubuntu/kafka_2.11-1.0.1/bin/../libs/javassist-3.20.0-GA.jar:/home/ubuntu/kafka_2.11-1.0.1/bin/../libs/javassist-3.21.0-GA.jar:/home/ubuntu/kafka_2.11-1.0.1/bin/../libs/javax.annotation-api-1.2.jar:/home/ubuntu/kafka_2.11-1.0.1/bin/../libs/javax.inject-1.jar:/home/ubuntu/kafka_2.11-1.0.1/bin/../libs/javax.inject-2.5.0-b32.jar:/home/ubuntu/kafka_2.11-1.0.1/bin/../libs/javax.servlet-api-3.1.0.jar:/home/ubuntu/kafka_2.11-1.0.1/bin/../libs/javax.ws.rs-api-2.0.1.jar:/home/ubuntu/kafka_2.11-1.0.1/bin/../libs/jersey-client-2.25.1.jar:/home/ubuntu/kafka_2.11-1.0.1/bin/../libs/jersey-common-2.25.1.jar:/home/ubuntu/kafka_2.11-1.0.1/bin/../libs/jersey-container-servlet-2.25.1.jar:/home/ubuntu/kafka_2.11-1.0.1/bin/../libs/jersey-con
Launcher Type: SUN_STANDARD

Environment Variables:
PATH=/home/ubuntu/bin:/home/ubuntu/.local/bin:/usr/local/sbin:/usr/local/bin:/usr/sbin:/usr/bin:/sbin:/bin:/usr/games:/usr/local/games:/snap/bin
SHELL=/bin/bash

Signal Handlers:
SIGSEGV: [libjvm.so+0xa69040], sa_mask[0]=11111111011111111101111111111110, sa_flags=SA_RESTART|SA_SIGINFO
SIGBUS: [libjvm.so+0xa69040], sa_mask[0]=11111111011111111101111111111110, sa_flags=SA_RESTART|SA_SIGINFO
SIGFPE: [libjvm.so+0x8b2170], sa_mask[0]=11111111011111111101111111111110, sa_flags=SA_RESTART|SA_SIGINFO
SIGPIPE: [libjvm.so+0x8b2170], sa_mask[0]=11111111011111111101111111111110, sa_flags=SA_RESTART|SA_SIGINFO
SIGXFSZ: [libjvm.so+0x8b2170], sa_mask[0]=11111111011111111101111111111110, sa_flags=SA_RESTART|SA_SIGINFO
SIGILL: [libjvm.so+0x8b2170], sa_mask[0]=11111111011111111101111111111110, sa_flags=SA_RESTART|SA_SIGINFO
SIGUSR1: SIG_DFL, sa_mask[0]=00000000000000000000000000000000, sa_flags=none
SIGUSR2: [libjvm.so+0x8b2020], sa_mask[0]=00000000000000000000000000000000, sa_flags=SA_RESTART|SA_SIGINFO
SIGHUP: SIG_DFL, sa_mask[0]=00000000000000000000000000000000, sa_flags=none
SIGINT: SIG_DFL, sa_mask[0]=00000000000000000000000000000000, sa_flags=none
SIGTERM: SIG_DFL, sa_mask[0]=00000000000000000000000000000000, sa_flags=none
SIGQUIT: SIG_DFL, sa_mask[0]=00000000000000000000000000000000, sa_flags=none


---------------  S Y S T E M  ---------------

OS:DISTRIB_ID=Ubuntu
DISTRIB_RELEASE=16.04
DISTRIB_CODENAME=xenial
DISTRIB_DESCRIPTION="Ubuntu 16.04.3 LTS"

uname:Linux 4.4.0-1049-aws #58-Ubuntu SMP Fri Jan 12 23:17:09 UTC 2018 x86_64
libc:glibc 2.23 NPTL 2.23 
rlimit: STACK 8192k, CORE 0k, NPROC 3900, NOFILE 1048576, AS infinity
load average:0.15 0.13 0.06

/proc/meminfo:
MemTotal:        1014552 kB
MemFree:          131540 kB
MemAvailable:     756072 kB
Buffers:           32936 kB
Cached:           703588 kB
SwapCached:            0 kB
Active:           465632 kB
Inactive:         336068 kB
Active(anon):      68052 kB
Inactive(anon):     2716 kB
Active(file):     397580 kB
Inactive(file):   333352 kB
Unevictable:        3652 kB
Mlocked:            3652 kB
SwapTotal:             0 kB
SwapFree:              0 kB
Dirty:               292 kB
Writeback:             0 kB
AnonPages:         68840 kB
Mapped:            46600 kB
Shmem:              3156 kB
Slab:              58228 kB
SReclaimable:      42648 kB
SUnreclaim:        15580 kB
KernelStack:        2544 kB
PageTables:         2856 kB
NFS_Unstable:          0 kB
Bounce:                0 kB
WritebackTmp:          0 kB
CommitLimit:      507276 kB
Committed_AS:     292108 kB
VmallocTotal:   34359738367 kB
VmallocUsed:           0 kB
VmallocChunk:          0 kB
HardwareCorrupted:     0 kB
AnonHugePages:     28672 kB
CmaTotal:              0 kB
CmaFree:               0 kB
HugePages_Total:       0
HugePages_Free:        0
HugePages_Rsvd:        0
HugePages_Surp:        0
Hugepagesize:       2048 kB
DirectMap4k:       43008 kB
DirectMap2M:     1005568 kB


CPU:total 1 (initial active 1) (1 cores per cpu, 1 threads per core) family 6 model 63 stepping 2, cmov, cx8, fxsr, mmx, sse, sse2, sse3, ssse3, sse4.1, sse4.2, popcnt, avx, avx2, aes, clmul, erms, lzcnt, tsc, bmi1, bmi2

/proc/cpuinfo:
processor	: 0
vendor_id	: GenuineIntel
cpu family	: 6
model		: 63
model name	: Intel(R) Xeon(R) CPU E5-2676 v3 @ 2.40GHz
stepping	: 2
microcode	: 0x3b
cpu MHz		: 2394.518
cache size	: 30720 KB
physical id	: 0
siblings	: 1
core id		: 0
cpu cores	: 1
apicid		: 0
initial apicid	: 0
fpu		: yes
fpu_exception	: yes
cpuid level	: 13
wp		: yes
flags		: fpu vme de pse tsc msr pae mce cx8 apic sep mtrr pge mca cmov pat pse36 clflush mmx fxsr sse sse2 ht syscall nx rdtscp lm constant_tsc rep_good nopl xtopology eagerfpu pni pclmulqdq ssse3 fma cx16 pcid sse4_1 sse4_2 x2apic movbe popcnt tsc_deadline_timer aes xsave avx f16c rdrand hypervisor lahf_lm abm invpcid_single kaiser fsgsbase bmi1 avx2 smep bmi2 erms invpcid xsaveopt
bugs		:
bogomips	: 4789.03
clflush size	: 64
cache_alignment	: 64
address sizes	: 46 bits physical, 48 bits virtual
power management:



Memory: 4k page, physical 1014552k(131540k free), swap 0k(0k free)

vm_info: OpenJDK 64-Bit Server VM (25.151-b12) for linux-amd64 JRE (1.8.0_151-8u151-b12-0ubuntu0.16.04.2-b12), built on Oct 27 2017 21:59:02 by "buildd" with gcc 5.4.0 20160609

time: Wed Mar 21 04:34:19 2018
elapsed time: 0 seconds (0d 0h 0m 0s)

